<?xml version="1.0" encoding="UTF-8"?>
<!-- Generated by org.testng.reporters.JUnitXMLReporter -->
<testsuite ignored="0" hostname="DESKTOP-TQOT31I" failures="0" tests="9" name="Test" time="0.351" errors="0" timestamp="2024-01-05T22:00:54 IST">
  <testcase classname="First_Script.Registrationpage" name="ValidEmailId" time="0.082"/>
  <testcase classname="First_Script.Registrationpage" name="ValidMobileNo" time="0.005"/>
  <testcase classname="First_Script.Registrationpage" name="ValidName" time="0.005"/>
  <testcase classname="Second_Script.LoginPage" name="Password" time="0.005"/>
  <testcase classname="Second_Script.LoginPage" name="ResetPassword" time="0.006"/>
  <testcase classname="Second_Script.LoginPage" name="Username" time="0.003"/>
  <testcase classname="Third_Script.HomePage" name="Electronics" time="0.004"/>
  <testcase classname="Third_Script.HomePage" name="ProductImage" time="0.003"/>
  <testcase classname="Third_Script.HomePage" name="SearchBar" time="0.01"/>
</testsuite> <!-- Test -->
