<?xml version="1.0" encoding="UTF-8"?>
<!-- Generated by org.testng.reporters.JUnitXMLReporter -->
<testsuite ignored="0" hostname="DESKTOP-TQOT31I" failures="0" tests="3" name="Test" time="0.277" errors="0" timestamp="2024-01-06T20:06:11 IST">
  <testcase classname="Second_Script.LoginPage" name="Password" time="0.096"/>
  <testcase classname="Second_Script.LoginPage" name="ResetPassword" time="0.003"/>
  <testcase classname="Second_Script.LoginPage" name="Username" time="0.003"/>
</testsuite> <!-- Test -->
