<?xml version="1.0" encoding="UTF-8"?>
<!-- Generated by org.testng.reporters.JUnitXMLReporter -->
<testsuite ignored="0" hostname="DESKTOP-TQOT31I" failures="0" tests="3" name="Test" time="0.02" errors="0" timestamp="2024-01-06T20:06:11 IST">
  <testcase classname="Third_Script.HomePage" name="Electronics" time="0.002"/>
  <testcase classname="Third_Script.HomePage" name="ProductImage" time="0.002"/>
  <testcase classname="Third_Script.HomePage" name="SearchBar" time="0.003"/>
</testsuite> <!-- Test -->
