<?xml version="1.0" encoding="UTF-8"?>
<testng-results ignored="0" total="9" passed="9" failed="0" skipped="0">
  <reporter-output>
  </reporter-output>
  <suite started-at="2024-01-05T22:00:54 IST" name="Suite" finished-at="2024-01-05T22:00:54 IST" duration-ms="351">
    <groups>
    </groups>
    <test started-at="2024-01-05T22:00:54 IST" name="Test" finished-at="2024-01-05T22:00:54 IST" duration-ms="351">
      <class name="Third_Script.HomePage">
        <test-method signature="Electronics()[pri:0, instance:Third_Script.HomePage@77128536]" started-at="2024-01-05T22:00:54 IST" name="Electronics" finished-at="2024-01-05T22:00:54 IST" duration-ms="4" status="PASS">
          <reporter-output>
          </reporter-output>
        </test-method> <!-- Electronics -->
        <test-method signature="ProductImage()[pri:0, instance:Third_Script.HomePage@77128536]" started-at="2024-01-05T22:00:54 IST" name="ProductImage" finished-at="2024-01-05T22:00:54 IST" duration-ms="3" status="PASS">
          <reporter-output>
          </reporter-output>
        </test-method> <!-- ProductImage -->
        <test-method signature="SearchBar()[pri:0, instance:Third_Script.HomePage@77128536]" started-at="2024-01-05T22:00:54 IST" name="SearchBar" finished-at="2024-01-05T22:00:54 IST" duration-ms="10" status="PASS">
          <reporter-output>
          </reporter-output>
        </test-method> <!-- SearchBar -->
      </class> <!-- Third_Script.HomePage -->
      <class name="First_Script.Registrationpage">
        <test-method signature="ValidEmailId()[pri:0, instance:First_Script.Registrationpage@3b96c42e]" started-at="2024-01-05T22:00:54 IST" name="ValidEmailId" finished-at="2024-01-05T22:00:54 IST" duration-ms="82" status="PASS">
          <reporter-output>
          </reporter-output>
        </test-method> <!-- ValidEmailId -->
        <test-method signature="ValidMobileNo()[pri:0, instance:First_Script.Registrationpage@3b96c42e]" started-at="2024-01-05T22:00:54 IST" name="ValidMobileNo" finished-at="2024-01-05T22:00:54 IST" duration-ms="5" status="PASS">
          <reporter-output>
          </reporter-output>
        </test-method> <!-- ValidMobileNo -->
        <test-method signature="ValidName()[pri:0, instance:First_Script.Registrationpage@3b96c42e]" started-at="2024-01-05T22:00:54 IST" name="ValidName" finished-at="2024-01-05T22:00:54 IST" duration-ms="5" status="PASS">
          <reporter-output>
          </reporter-output>
        </test-method> <!-- ValidName -->
      </class> <!-- First_Script.Registrationpage -->
      <class name="Second_Script.LoginPage">
        <test-method signature="Password()[pri:0, instance:Second_Script.LoginPage@3fed2870]" started-at="2024-01-05T22:00:54 IST" name="Password" finished-at="2024-01-05T22:00:54 IST" duration-ms="5" status="PASS">
          <reporter-output>
          </reporter-output>
        </test-method> <!-- Password -->
        <test-method signature="ResetPassword()[pri:0, instance:Second_Script.LoginPage@3fed2870]" started-at="2024-01-05T22:00:54 IST" name="ResetPassword" finished-at="2024-01-05T22:00:54 IST" duration-ms="6" status="PASS">
          <reporter-output>
          </reporter-output>
        </test-method> <!-- ResetPassword -->
        <test-method signature="Username()[pri:0, instance:Second_Script.LoginPage@3fed2870]" started-at="2024-01-05T22:00:54 IST" name="Username" finished-at="2024-01-05T22:00:54 IST" duration-ms="3" status="PASS">
          <reporter-output>
          </reporter-output>
        </test-method> <!-- Username -->
      </class> <!-- Second_Script.LoginPage -->
    </test> <!-- Test -->
  </suite> <!-- Suite -->
</testng-results>
